TN:
SF:api\movies.js
FN:2,default
FNF:1
FNH:1
FNDA:1,default
DA:1,1
DA:2,1
DA:3,1
DA:4,1
DA:5,1
DA:6,1
DA:7,1
DA:8,1
DA:9,1
DA:10,1
DA:11,2
DA:12,2
DA:13,1
DA:14,1
DA:15,1
DA:16,1
DA:17,1
DA:18,1
DA:19,1
DA:20,1
DA:21,1
LF:21
LH:21
BRDA:2,0,0,1
BRDA:2,1,0,1
BRDA:4,2,0,1
BRDA:10,3,0,2
BRDA:12,4,0,1
BRDA:17,5,0,1
BRF:6
BRH:6
end_of_record
TN:
SF:config\database.js
FN:8,connect
FN:14,disconnect
FNF:2
FNH:2
FNDA:5,connect
FNDA:3,disconnect
DA:1,2
DA:2,2
DA:3,2
DA:4,2
DA:5,2
DA:6,2
DA:7,2
DA:8,2
DA:9,5
DA:10,5
DA:11,5
DA:12,5
DA:13,2
DA:14,2
DA:15,3
DA:16,1
DA:17,1
DA:18,1
DA:19,1
DA:20,3
LF:20
LH:20
BRDA:1,0,0,2
BRDA:8,1,0,5
BRDA:9,2,0,2
BRDA:14,3,0,3
BRDA:15,4,0,2
BRDA:16,5,0,1
BRF:6
BRH:6
end_of_record
TN:
SF:repository\repository.js
FN:4,getAllMovies
FN:10,getMovieById
FN:17,getMoviePremieres
FNF:3
FNH:3
FNDA:2,getAllMovies
FNDA:1,getMovieById
FNDA:1,getMoviePremieres
DA:1,1
DA:2,1
DA:3,1
DA:4,1
DA:5,2
DA:6,2
DA:7,2
DA:8,2
DA:9,1
DA:10,1
DA:11,1
DA:12,1
DA:13,1
DA:14,1
DA:15,1
DA:16,1
DA:17,1
DA:18,1
DA:19,1
DA:20,1
DA:21,1
DA:22,1
DA:23,1
DA:24,1
DA:25,1
DA:26,1
LF:26
LH:26
BRDA:1,0,0,1
BRDA:4,1,0,2
BRDA:10,2,0,1
BRDA:17,3,0,1
BRF:4
BRH:4
end_of_record
TN:
SF:server\server.js
FN:7,start
FN:35,stop
FNF:2
FNH:2
FNDA:4,start
FNDA:2,stop
DA:1,2
DA:2,2
DA:3,2
DA:4,2
DA:5,2
DA:6,2
DA:7,2
DA:8,4
DA:9,4
DA:10,4
DA:11,4
DA:12,4
DA:13,4
DA:14,1
DA:15,1
DA:16,1
DA:17,4
DA:18,4
DA:19,4
DA:20,4
DA:21,4
DA:22,1
DA:23,1
DA:24,4
DA:25,4
DA:26,4
DA:27,4
DA:28,4
DA:29,4
DA:30,4
DA:31,4
DA:32,4
DA:33,4
DA:34,2
DA:35,2
DA:36,2
DA:37,2
DA:38,2
LF:38
LH:38
BRDA:1,0,0,2
BRDA:7,1,0,4
BRDA:13,2,0,1
BRDA:21,3,0,1
BRDA:26,4,0,4
BRDA:35,5,0,2
BRF:6
BRH:6
end_of_record
