TN:
SF:config\database.js
FN:5,connect
FN:11,disconnect
FNF:2
FNH:1
FNDA:7,connect
FNDA:0,disconnect
DA:1,1
DA:2,1
DA:3,1
DA:4,1
DA:5,1
DA:6,7
DA:7,7
DA:8,7
DA:9,7
DA:10,1
DA:11,1
DA:12,0
DA:13,0
DA:14,0
DA:15,0
DA:16,0
DA:17,0
LF:17
LH:11
BRDA:1,0,0,1
BRDA:5,1,0,7
BRDA:6,2,0,1
BRF:3
BRH:3
end_of_record
TN:
SF:repository\repository.js
FN:4,getAllCites
FN:14,getCinemasByCityId
FN:23,getMoviesByCinemaId
FN:38,getMoviesByCityId
FN:52,getMovieSessionsByCityId
FNF:5
FNH:5
FNDA:2,getAllCites
FNDA:2,getCinemasByCityId
FNDA:1,getMoviesByCinemaId
FNDA:1,getMoviesByCityId
FNDA:1,getMovieSessionsByCityId
DA:1,1
DA:2,1
DA:3,1
DA:4,1
DA:5,2
DA:6,2
DA:7,2
DA:8,2
DA:9,2
DA:10,2
DA:11,2
DA:12,1
DA:13,1
DA:14,1
DA:15,2
DA:16,2
DA:17,2
DA:18,2
DA:19,2
DA:20,2
DA:21,2
DA:22,1
DA:23,1
DA:24,1
DA:25,1
DA:26,1
DA:27,1
DA:28,1
DA:29,1
DA:30,1
DA:31,1
DA:32,1
DA:33,1
DA:34,1
DA:35,1
DA:36,1
DA:37,1
DA:38,1
DA:39,1
DA:40,1
DA:41,1
DA:42,1
DA:43,1
DA:44,1
DA:45,1
DA:46,1
DA:47,1
DA:48,1
DA:49,1
DA:50,1
DA:51,1
DA:52,1
DA:53,1
DA:54,1
DA:55,1
DA:56,1
DA:57,1
DA:58,1
DA:59,1
DA:60,1
DA:61,1
DA:62,1
DA:63,1
DA:64,1
DA:65,1
DA:66,1
DA:67,1
DA:68,1
DA:69,1
DA:70,1
DA:71,1
DA:72,1
DA:73,1
DA:74,1
DA:75,1
DA:76,1
LF:76
LH:76
BRDA:1,0,0,1
BRDA:4,1,0,2
BRDA:14,2,0,2
BRDA:23,3,0,1
BRDA:35,4,0,3
BRDA:38,5,0,1
BRDA:49,6,0,3
BRDA:52,7,0,1
BRDA:75,8,0,2
BRF:9
BRH:9
end_of_record
